<?xml version="1.0" encoding="UTF-8"?>
<!-- Generated by org.testng.reporters.JUnitReportReporter -->
<testsuite hostname="LAPTOP-GUR51I14" name="freeCRMDemo.TestScenarios.LoginTest" tests="1" failures="0" timestamp="16 Dec 2018 05:01:02 GMT" time="51.497" errors="0">
  <testcase name="LoginToGmail" time="51.497" classname="freeCRMDemo.TestScenarios.LoginTest"/>
</testsuite> <!-- freeCRMDemo.TestScenarios.LoginTest -->
