<?xml version="1.0" encoding="UTF-8"?>
<!-- Generated by org.testng.reporters.JUnitReportReporter -->
<testsuite hostname="Narendra-PC" name="freeCRMDemo.TestScenarios.TaskTest" tests="1" failures="0" timestamp="7 Dec 2018 02:57:33 GMT" time="1466.111" errors="0">
  <testcase name="ClickToTaskTab" time="1466.111" classname="freeCRMDemo.TestScenarios.TaskTest"/>
</testsuite> <!-- freeCRMDemo.TestScenarios.TaskTest -->
